0 info it worked if it ends with ok
1 verbose cli [ '/usr/local/Cellar/node/7.7.2/bin/node',
1 verbose cli   '/usr/local/bin/npm',
1 verbose cli   'run',
1 verbose cli   'server' ]
2 info using npm@4.1.2
3 info using node@v7.7.2
4 verbose run-script [ 'preserver', 'server', 'postserver' ]
5 info lifecycle mean-lineman@1.0.0~preserver: mean-lineman@1.0.0
6 silly lifecycle mean-lineman@1.0.0~preserver: no script for preserver, continuing
7 info lifecycle mean-lineman@1.0.0~server: mean-lineman@1.0.0
8 verbose lifecycle mean-lineman@1.0.0~server: unsafe-perm in lifecycle true
9 verbose lifecycle mean-lineman@1.0.0~server: PATH: /usr/local/lib/node_modules/npm/bin/node-gyp-bin:/Users/cendrinebuisson/Documents/00__wcs/hackatons/hackathon-03B/hackathon-03/node_modules/.bin:/Users/cendrinebuisson/.rvm/gems/ruby-2.4.0/bin:/Users/cendrinebuisson/.rvm/gems/ruby-2.4.0@global/bin:/Users/cendrinebuisson/.rvm/rubies/ruby-2.4.0/bin:/usr/local/bin:/usr/bin:/bin:/usr/sbin:/sbin:/Users/cendrinebuisson/.rvm/bin
10 verbose lifecycle mean-lineman@1.0.0~server: CWD: /Users/cendrinebuisson/Documents/00__wcs/hackatons/hackathon-03B/hackathon-03
11 silly lifecycle mean-lineman@1.0.0~server: Args: [ '-c', 'cd server && babel-node index.js' ]
12 silly lifecycle mean-lineman@1.0.0~server: Returned: code: 1  signal: null
13 info lifecycle mean-lineman@1.0.0~server: Failed to exec server script
14 verbose stack Error: mean-lineman@1.0.0 server: `cd server && babel-node index.js`
14 verbose stack Exit status 1
14 verbose stack     at EventEmitter.<anonymous> (/usr/local/lib/node_modules/npm/lib/utils/lifecycle.js:279:16)
14 verbose stack     at emitTwo (events.js:106:13)
14 verbose stack     at EventEmitter.emit (events.js:194:7)
14 verbose stack     at ChildProcess.<anonymous> (/usr/local/lib/node_modules/npm/lib/utils/spawn.js:40:14)
14 verbose stack     at emitTwo (events.js:106:13)
14 verbose stack     at ChildProcess.emit (events.js:194:7)
14 verbose stack     at maybeClose (internal/child_process.js:899:16)
14 verbose stack     at Process.ChildProcess._handle.onexit (internal/child_process.js:226:5)
15 verbose pkgid mean-lineman@1.0.0
16 verbose cwd /Users/cendrinebuisson/Documents/00__wcs/hackatons/hackathon-03B/hackathon-03
17 error Darwin 16.6.0
18 error argv "/usr/local/Cellar/node/7.7.2/bin/node" "/usr/local/bin/npm" "run" "server"
19 error node v7.7.2
20 error npm  v4.1.2
21 error code ELIFECYCLE
22 error mean-lineman@1.0.0 server: `cd server && babel-node index.js`
22 error Exit status 1
23 error Failed at the mean-lineman@1.0.0 server script 'cd server && babel-node index.js'.
23 error Make sure you have the latest version of node.js and npm installed.
23 error If you do, this is most likely a problem with the mean-lineman package,
23 error not with npm itself.
23 error Tell the author that this fails on your system:
23 error     cd server && babel-node index.js
23 error You can get information on how to open an issue for this project with:
23 error     npm bugs mean-lineman
23 error Or if that isn't available, you can get their info via:
23 error     npm owner ls mean-lineman
23 error There is likely additional logging output above.
24 verbose exit [ 1, true ]
